<?xml version="1.0" encoding="UTF-8"?>
<!-- Generated by org.testng.reporters.JUnitXMLReporter -->
<testsuite ignored="0" hostname="Rithesh" failures="2" tests="3" name="Default test" time="27.545" errors="0" timestamp="2025-06-21T19:51:54 IST">
  <testcase classname="io.cucumber.testng.AbstractTestNGCucumberTests" name="runScenario" time="9.521">
    <failure type="java.lang.AssertionError" message="Title does not contain search term">
      <![CDATA[java.lang.AssertionError: Title does not contain search term
at org.junit.Assert.fail(Assert.java:89)
at org.junit.Assert.assertTrue(Assert.java:42)
at stepdef.StepDefenitionRelatedClass.page_title_should_contain(StepDefenitionRelatedClass.java:56)
at ✽.The page title should contain "Java"(file:///C:/Users/hp/eclipse-workspace/CucumberRelated/src/main/java/featurefile/googlesearch.feature:9)
]]>
    </failure>
  </testcase> <!-- runScenario -->
  <testcase classname="io.cucumber.testng.AbstractTestNGCucumberTests" name="runScenario" time="8.053">
    <failure type="java.lang.AssertionError" message="Title does not contain search term">
      <![CDATA[java.lang.AssertionError: Title does not contain search term
at org.junit.Assert.fail(Assert.java:89)
at org.junit.Assert.assertTrue(Assert.java:42)
at stepdef.StepDefenitionRelatedClass.page_title_should_contain(StepDefenitionRelatedClass.java:56)
at ✽.The page title should contain "Selenium"(file:///C:/Users/hp/eclipse-workspace/CucumberRelated/src/main/java/featurefile/googlesearch.feature:9)
]]>
    </failure>
  </testcase> <!-- runScenario -->
  <testcase classname="io.cucumber.testng.AbstractTestNGCucumberTests" name="runScenario" time="8.904"/>
</testsuite> <!-- Default test -->
