<?xml version="1.0" encoding="UTF-8"?>
<!-- Generated by org.testng.reporters.JUnitReportReporter -->
<testsuite hostname="Rithesh" failures="2" tests="3" name="test.TestRunner" time="26.478" errors="0" timestamp="2025-06-21T19:51:54 IST" skipped="0">
  <testcase classname="test.TestRunner" name="runScenario" time="8.904"/>
  <testcase classname="test.TestRunner" name="runScenario" time="8.053">
    <failure message="Title does not contain search term" type="java.lang.AssertionError">
      <![CDATA[java.lang.AssertionError: Title does not contain search term
at org.junit.Assert.fail(Assert.java:89)
at org.junit.Assert.assertTrue(Assert.java:42)
at stepdef.StepDefenitionRelatedClass.page_title_should_contain(StepDefenitionRelatedClass.java:56)
at ✽.The page title should contain "Selenium"(file:///C:/Users/hp/eclipse-workspace/CucumberRelated/src/main/java/featurefile/googlesearch.feature:9)
]]>
    </failure>
  </testcase> <!-- runScenario -->
  <testcase classname="test.TestRunner" name="runScenario" time="9.521">
    <failure message="Title does not contain search term" type="java.lang.AssertionError">
      <![CDATA[java.lang.AssertionError: Title does not contain search term
at org.junit.Assert.fail(Assert.java:89)
at org.junit.Assert.assertTrue(Assert.java:42)
at stepdef.StepDefenitionRelatedClass.page_title_should_contain(StepDefenitionRelatedClass.java:56)
at ✽.The page title should contain "Java"(file:///C:/Users/hp/eclipse-workspace/CucumberRelated/src/main/java/featurefile/googlesearch.feature:9)
]]>
    </failure>
  </testcase> <!-- runScenario -->
</testsuite> <!-- test.TestRunner -->
